<<<<<<< Updated upstream
﻿  main.cpp
<<<<<<< HEAD
C:\Users\Annika Capada\Documents\GitHub\stdiscm-problemset1\main.cpp(43,28): warning C4244: 'initializing': conversion from 'double' to 'float', possible loss of data
C:\Users\Annika Capada\Documents\GitHub\stdiscm-problemset1\main.cpp(117,20): warning C4267: 'initializing': conversion from 'size_t' to 'int', possible loss of data
C:\Users\Annika Capada\Documents\GitHub\stdiscm-problemset1\main.cpp(240,30): warning C4244: '=': conversion from 'float' to 'int', possible loss of data
  Generating code
  1 of 2527 functions (<0.1%) were compiled, the rest were copied from previous compilation.
=======
C:\Users\laure\source\repos\ProblemSet1\main.cpp(41,28): warning C4244: 'initializing': conversion from 'double' to 'float', possible loss of data
C:\Users\laure\source\repos\ProblemSet1\main.cpp(114,20): warning C4267: 'initializing': conversion from 'size_t' to 'int', possible loss of data
C:\Users\laure\source\repos\ProblemSet1\main.cpp(236,30): warning C4244: '=': conversion from 'float' to 'int', possible loss of data
  Generating code
  11 of 2527 functions ( 0.4%) were compiled, the rest were copied from previous compilation.
>>>>>>> 13ac605c2d99003eb8905a1d6b16bf2e985bfd46
    0 functions were new in current compilation
    26 functions had inline decision re-evaluated but remain unchanged
  Finished generating code
  ProblemSet1.vcxproj -> C:\Users\Annika Capada\Documents\GitHub\stdiscm-problemset1\x64\Release\ProblemSet1.exe
  'pwsh.exe' is not recognized as an internal or external command,
  operable program or batch file.
=======
﻿  ProblemSet1.vcxproj -> C:\Users\Annika Capada\Documents\GitHub\stdiscm-problemset1\x64\Release\ProblemSet1.exe
>>>>>>> Stashed changes
